  Main.cpp
d:\interesting shit\traffic simulator\project1\project1\main.cpp(32): warning C4018: '<': signed/unsigned mismatch
d:\interesting shit\traffic simulator\project1\project1\main.cpp(33): warning C4018: '<': signed/unsigned mismatch
d:\interesting shit\traffic simulator\project1\project1\main.cpp(48): warning C4244: 'initializing': conversion from 'float' to 'size_t', possible loss of data
d:\interesting shit\traffic simulator\project1\project1\main.cpp(49): warning C4244: 'initializing': conversion from 'float' to 'size_t', possible loss of data
d:\interesting shit\traffic simulator\project1\project1\main.cpp(50): warning C4244: 'initializing': conversion from 'float' to 'size_t', possible loss of data
d:\interesting shit\traffic simulator\project1\project1\main.cpp(51): warning C4244: 'initializing': conversion from 'float' to 'size_t', possible loss of data
d:\interesting shit\traffic simulator\project1\project1\main.cpp(95): warning C4018: '<': signed/unsigned mismatch
d:\interesting shit\traffic simulator\project1\project1\main.cpp(119): warning C4244: 'argument': conversion from 'T' to 'int32_t', possible loss of data
          with
          [
              T=float
          ]
d:\interesting shit\traffic simulator\project1\project1\main.cpp(123): warning C4244: 'argument': conversion from 'T' to 'int32_t', possible loss of data
          with
          [
              T=float
          ]
d:\interesting shit\traffic simulator\project1\project1\main.cpp(131): warning C4244: 'argument': conversion from 'T' to 'int32_t', possible loss of data
          with
          [
              T=float
          ]
d:\interesting shit\traffic simulator\project1\project1\main.cpp(140): warning C4244: 'argument': conversion from 'T' to 'int32_t', possible loss of data
          with
          [
              T=float
          ]
d:\interesting shit\traffic simulator\project1\project1\main.cpp(147): warning C4244: 'argument': conversion from 'T' to 'int32_t', possible loss of data
          with
          [
              T=float
          ]
d:\interesting shit\traffic simulator\project1\project1\main.cpp(156): warning C4244: 'argument': conversion from 'T' to 'int32_t', possible loss of data
          with
          [
              T=float
          ]
d:\interesting shit\traffic simulator\project1\project1\main.cpp(158): warning C4244: '-=': conversion from 'double' to 'float', possible loss of data
  Generating code
  1 of 826 functions ( 0.1%) were compiled, the rest were copied from previous compilation.
    0 functions were new in current compilation
    10 functions had inline decision re-evaluated but remain unchanged
  Finished generating code
  Project1.vcxproj -> D:\interesting shit\Traffic simulator\Project1\Release\Project1.exe
